<?xml version="1.0" encoding="UTF-8"?>
<testng-results ignored="0" total="1" passed="1" failed="0" skipped="0">
  <reporter-output>
  </reporter-output>
  <suite started-at="2022-12-26T14:07:34 IST" name="Default suite" finished-at="2022-12-26T14:07:58 IST" duration-ms="23261">
    <groups>
    </groups>
    <test started-at="2022-12-26T14:07:34 IST" name="Default test" finished-at="2022-12-26T14:07:58 IST" duration-ms="23261">
      <class name="io.full.htmlcanvasstudio.CanvasTests">
        <test-method signature="CanvasTests()[pri:0, instance:io.full.htmlcanvasstudio.CanvasTests@2ea227af]" started-at="2022-12-26T14:07:34 IST" name="CanvasTests" finished-at="2022-12-26T14:07:58 IST" duration-ms="23193" status="PASS">
          <reporter-output>
          </reporter-output>
        </test-method> <!-- CanvasTests -->
        <test-method is-config="true" signature="tearDown()[pri:0, instance:io.full.htmlcanvasstudio.CanvasTests@2ea227af]" started-at="2022-12-26T14:07:58 IST" name="tearDown" finished-at="2022-12-26T14:07:58 IST" duration-ms="272" status="PASS">
          <reporter-output>
          </reporter-output>
        </test-method> <!-- tearDown -->
      </class> <!-- io.full.htmlcanvasstudio.CanvasTests -->
    </test> <!-- Default test -->
  </suite> <!-- Default suite -->
</testng-results>
